This file contains any messages produced by compilers while
running configure, to aid debugging if configure makes a mistake.

It was created by configure, which was
generated by GNU Autoconf 2.61.  Invocation command line was

  $ ./configure --enable-maintainer-mode

## --------- ##
## Platform. ##
## --------- ##

hostname = localhost.localdomain
uname -m = i686
uname -r = 2.6.22.5-76.fc7
uname -s = Linux
uname -v = #1 SMP Thu Aug 30 13:47:21 EDT 2007

/usr/bin/uname -p = unknown
/bin/uname -X     = unknown

/bin/arch              = i686
/usr/bin/arch -k       = unknown
/usr/convex/getsysinfo = unknown
/usr/bin/hostinfo      = unknown
/bin/machine           = unknown
/usr/bin/oslevel       = unknown
/bin/universe          = unknown

PATH: /usr/lib/oracle/xe/app/oracle/product/10.2.0/server/bin
PATH: /usr/java/jdk1.6.0_03/bin
PATH: /usr/java/jwtk2.5.1_cldc/bin
PATH: /usr/lib/oracle/xe/app/oracle/product/10.2.0/server/bin
PATH: /usr/java/jdk1.6.0_03/bin
PATH: /usr/java/jwtk2.5.1_cldc/bin
PATH: /usr/kerberos/bin
PATH: /usr/lib/ccache
PATH: /usr/local/bin
PATH: /usr/bin
PATH: /bin
PATH: /usr/local/bin
PATH: /usr/sbin
PATH: /sbin
PATH: /opt/bin
PATH: /home/ayub/bin
PATH: /usr/local/bin
PATH: /usr/sbin
PATH: /sbin
PATH: /opt/bin


## ----------- ##
## Core tests. ##
## ----------- ##

configure:1813: checking for a BSD-compatible install
configure:1869: result: /usr/bin/install -c
configure:1880: checking whether build environment is sane
configure:1923: result: yes
configure:1951: checking for a thread-safe mkdir -p
configure:1990: result: /bin/mkdir -p
configure:2003: checking for gawk
configure:2019: found /usr/bin/gawk
configure:2030: result: gawk
configure:2041: checking whether make sets $(MAKE)
configure:2062: result: yes
configure:2252: checking whether to enable maintainer-specific portions of Makefiles
configure:2261: result: yes
configure:2287: checking for style of include used by make
configure:2315: result: GNU
configure:2385: checking for gcc
configure:2401: found /usr/lib/ccache/gcc
configure:2412: result: gcc
configure:2650: checking for C compiler version
configure:2657: gcc --version >&5
gcc (GCC) 4.1.2 20070502 (Red Hat 4.1.2-12)
Copyright (C) 2006 Free Software Foundation, Inc.
This is free software; see the source for copying conditions.  There is NO
warranty; not even for MERCHANTABILITY or FITNESS FOR A PARTICULAR PURPOSE.

configure:2660: $? = 0
configure:2667: gcc -v >&5
Using built-in specs.
Target: i386-redhat-linux
Configured with: ../configure --prefix=/usr --mandir=/usr/share/man --infodir=/usr/share/info --enable-shared --enable-threads=posix --enable-checking=release --with-system-zlib --enable-__cxa_atexit --disable-libunwind-exceptions --enable-languages=c,c++,objc,obj-c++,java,fortran,ada --enable-java-awt=gtk --disable-dssi --enable-plugin --with-java-home=/usr/lib/jvm/java-1.5.0-gcj-1.5.0.0/jre --enable-libgcj-multifile --enable-java-maintainer-mode --with-ecj-jar=/usr/share/java/eclipse-ecj.jar --with-cpu=generic --host=i386-redhat-linux
Thread model: posix
gcc version 4.1.2 20070502 (Red Hat 4.1.2-12)
configure:2670: $? = 0
configure:2677: gcc -V >&5
gcc: '-V' option must have argument
configure:2680: $? = 1
configure:2703: checking for C compiler default output file name
configure:2730: gcc    conftest.c  >&5
configure:2733: $? = 0
configure:2771: result: a.out
configure:2788: checking whether the C compiler works
configure:2798: ./a.out
configure:2801: $? = 0
configure:2818: result: yes
configure:2825: checking whether we are cross compiling
configure:2827: result: no
configure:2830: checking for suffix of executables
configure:2837: gcc -o conftest    conftest.c  >&5
configure:2840: $? = 0
configure:2864: result: 
configure:2870: checking for suffix of object files
configure:2896: gcc -c   conftest.c >&5
configure:2899: $? = 0
configure:2922: result: o
configure:2926: checking whether we are using the GNU C compiler
configure:2955: gcc -c   conftest.c >&5
configure:2961: $? = 0
configure:2978: result: yes
configure:2983: checking whether gcc accepts -g
configure:3013: gcc -c -g  conftest.c >&5
configure:3019: $? = 0
configure:3118: result: yes
configure:3135: checking for gcc option to accept ISO C89
configure:3209: gcc  -c -g -O2  conftest.c >&5
configure:3215: $? = 0
configure:3238: result: none needed
configure:3258: checking dependency style of gcc
configure:3349: result: gcc3
configure:3365: checking for library containing strerror
configure:3406: gcc -o conftest -g -O2   conftest.c  >&5
configure:3412: $? = 0
configure:3440: result: none required
configure:3496: checking for gcc
configure:3523: result: gcc
configure:3761: checking for C compiler version
configure:3768: gcc --version >&5
gcc (GCC) 4.1.2 20070502 (Red Hat 4.1.2-12)
Copyright (C) 2006 Free Software Foundation, Inc.
This is free software; see the source for copying conditions.  There is NO
warranty; not even for MERCHANTABILITY or FITNESS FOR A PARTICULAR PURPOSE.

configure:3771: $? = 0
configure:3778: gcc -v >&5
Using built-in specs.
Target: i386-redhat-linux
Configured with: ../configure --prefix=/usr --mandir=/usr/share/man --infodir=/usr/share/info --enable-shared --enable-threads=posix --enable-checking=release --with-system-zlib --enable-__cxa_atexit --disable-libunwind-exceptions --enable-languages=c,c++,objc,obj-c++,java,fortran,ada --enable-java-awt=gtk --disable-dssi --enable-plugin --with-java-home=/usr/lib/jvm/java-1.5.0-gcj-1.5.0.0/jre --enable-libgcj-multifile --enable-java-maintainer-mode --with-ecj-jar=/usr/share/java/eclipse-ecj.jar --with-cpu=generic --host=i386-redhat-linux
Thread model: posix
gcc version 4.1.2 20070502 (Red Hat 4.1.2-12)
configure:3781: $? = 0
configure:3788: gcc -V >&5
gcc: '-V' option must have argument
configure:3791: $? = 1
configure:3794: checking whether we are using the GNU C compiler
configure:3846: result: yes
configure:3851: checking whether gcc accepts -g
configure:3986: result: yes
configure:4003: checking for gcc option to accept ISO C89
configure:4106: result: none needed
configure:4126: checking dependency style of gcc
configure:4217: result: gcc3
configure:4280: checking for gcc
configure:4307: result: gcc
configure:4545: checking for C compiler version
configure:4552: gcc --version >&5
gcc (GCC) 4.1.2 20070502 (Red Hat 4.1.2-12)
Copyright (C) 2006 Free Software Foundation, Inc.
This is free software; see the source for copying conditions.  There is NO
warranty; not even for MERCHANTABILITY or FITNESS FOR A PARTICULAR PURPOSE.

configure:4555: $? = 0
configure:4562: gcc -v >&5
Using built-in specs.
Target: i386-redhat-linux
Configured with: ../configure --prefix=/usr --mandir=/usr/share/man --infodir=/usr/share/info --enable-shared --enable-threads=posix --enable-checking=release --with-system-zlib --enable-__cxa_atexit --disable-libunwind-exceptions --enable-languages=c,c++,objc,obj-c++,java,fortran,ada --enable-java-awt=gtk --disable-dssi --enable-plugin --with-java-home=/usr/lib/jvm/java-1.5.0-gcj-1.5.0.0/jre --enable-libgcj-multifile --enable-java-maintainer-mode --with-ecj-jar=/usr/share/java/eclipse-ecj.jar --with-cpu=generic --host=i386-redhat-linux
Thread model: posix
gcc version 4.1.2 20070502 (Red Hat 4.1.2-12)
configure:4565: $? = 0
configure:4572: gcc -V >&5
gcc: '-V' option must have argument
configure:4575: $? = 1
configure:4578: checking whether we are using the GNU C compiler
configure:4630: result: yes
configure:4635: checking whether gcc accepts -g
configure:4770: result: yes
configure:4787: checking for gcc option to accept ISO C89
configure:4890: result: none needed
configure:4910: checking dependency style of gcc
configure:5001: result: gcc3
configure:5024: checking how to run the C preprocessor
configure:5064: gcc -E  conftest.c
configure:5070: $? = 0
configure:5101: gcc -E  conftest.c
conftest.c:10:28: error: ac_nonexistent.h: No such file or directory
configure:5107: $? = 1
configure: failed program was:
| /* confdefs.h.  */
| #define PACKAGE_NAME ""
| #define PACKAGE_TARNAME ""
| #define PACKAGE_VERSION ""
| #define PACKAGE_STRING ""
| #define PACKAGE_BUGREPORT ""
| #define PACKAGE "attendence"
| #define VERSION "0.1"
| /* end confdefs.h.  */
| #include <ac_nonexistent.h>
configure:5140: result: gcc -E
configure:5169: gcc -E  conftest.c
configure:5175: $? = 0
configure:5206: gcc -E  conftest.c
conftest.c:10:28: error: ac_nonexistent.h: No such file or directory
configure:5212: $? = 1
configure: failed program was:
| /* confdefs.h.  */
| #define PACKAGE_NAME ""
| #define PACKAGE_TARNAME ""
| #define PACKAGE_VERSION ""
| #define PACKAGE_STRING ""
| #define PACKAGE_BUGREPORT ""
| #define PACKAGE "attendence"
| #define VERSION "0.1"
| /* end confdefs.h.  */
| #include <ac_nonexistent.h>
configure:5250: checking for grep that handles long lines and -e
configure:5324: result: /bin/grep
configure:5329: checking for egrep
configure:5407: result: /bin/grep -E
configure:5412: checking for ANSI C header files
configure:5442: gcc -c -g -O2  conftest.c >&5
configure:5448: $? = 0
configure:5547: gcc -o conftest -g -O2   conftest.c  >&5
configure:5550: $? = 0
configure:5556: ./conftest
configure:5559: $? = 0
configure:5576: result: yes
configure:5637: checking for pkg-config
configure:5655: found /usr/bin/pkg-config
configure:5667: result: /usr/bin/pkg-config
configure:5696: checking pkg-config is at least version 0.9.0
configure:5699: result: yes
configure:5710: checking for PACKAGE
configure:5718: $PKG_CONFIG --exists --print-errors "$pkg_modules"
configure:5721: $? = 0
configure:5736: $PKG_CONFIG --exists --print-errors "$pkg_modules"
configure:5739: $? = 0
configure:5815: result: yes
configure:5825: checking for SQLITE3
configure:5833: $PKG_CONFIG --exists --print-errors "$sqlite3_modules"
configure:5836: $? = 0
configure:5851: $PKG_CONFIG --exists --print-errors "$sqlite3_modules"
configure:5854: $? = 0
configure:5930: result: yes
configure:5958: checking for sys/types.h
configure:5979: gcc -c -g -O2  conftest.c >&5
configure:5985: $? = 0
configure:6001: result: yes
configure:5958: checking for sys/stat.h
configure:5979: gcc -c -g -O2  conftest.c >&5
configure:5985: $? = 0
configure:6001: result: yes
configure:5958: checking for stdlib.h
configure:5979: gcc -c -g -O2  conftest.c >&5
configure:5985: $? = 0
configure:6001: result: yes
configure:5958: checking for string.h
configure:5979: gcc -c -g -O2  conftest.c >&5
configure:5985: $? = 0
configure:6001: result: yes
configure:5958: checking for memory.h
configure:5979: gcc -c -g -O2  conftest.c >&5
configure:5985: $? = 0
configure:6001: result: yes
configure:5958: checking for strings.h
configure:5979: gcc -c -g -O2  conftest.c >&5
configure:5985: $? = 0
configure:6001: result: yes
configure:5958: checking for inttypes.h
configure:5979: gcc -c -g -O2  conftest.c >&5
configure:5985: $? = 0
configure:6001: result: yes
configure:5958: checking for stdint.h
configure:5979: gcc -c -g -O2  conftest.c >&5
configure:5985: $? = 0
configure:6001: result: yes
configure:5958: checking for unistd.h
configure:5979: gcc -c -g -O2  conftest.c >&5
configure:5985: $? = 0
configure:6001: result: yes
configure:6019: checking build system type
configure:6037: result: i686-pc-linux-gnu
configure:6059: checking host system type
configure:6074: result: i686-pc-linux-gnu
configure:6112: checking locale.h usability
configure:6129: gcc -c -g -O2  conftest.c >&5
configure:6135: $? = 0
configure:6149: result: yes
configure:6153: checking locale.h presence
configure:6168: gcc -E  conftest.c
configure:6174: $? = 0
configure:6188: result: yes
configure:6216: checking for locale.h
configure:6224: result: yes
configure:6238: checking for LC_MESSAGES
configure:6264: gcc -o conftest -g -O2   conftest.c  >&5
configure:6270: $? = 0
configure:6287: result: yes
configure:6316: checking libintl.h usability
configure:6333: gcc -c -g -O2  conftest.c >&5
configure:6339: $? = 0
configure:6353: result: yes
configure:6357: checking libintl.h presence
configure:6372: gcc -E  conftest.c
configure:6378: $? = 0
configure:6392: result: yes
configure:6420: checking for libintl.h
configure:6427: result: yes
configure:6438: checking for ngettext in libc
configure:6466: gcc -o conftest -g -O2   conftest.c  >&5
configure:6472: $? = 0
configure:6490: result: yes
configure:6494: checking for dgettext in libc
configure:6522: gcc -o conftest -g -O2   conftest.c  >&5
configure:6528: $? = 0
configure:6546: result: yes
configure:6555: checking for bind_textdomain_codeset
configure:6611: gcc -o conftest -g -O2   conftest.c  >&5
configure:6617: $? = 0
configure:6635: result: yes
configure:7122: checking for msgfmt
configure:7149: result: /usr/bin/msgfmt
configure:7162: checking for dcgettext
configure:7218: gcc -o conftest -g -O2   conftest.c   >&5
conftest.c:48: warning: conflicting types for built-in function 'dcgettext'
configure:7224: $? = 0
configure:7242: result: yes
configure:7253: checking if msgfmt accepts -c
configure:7268: $MSGFMT -c -o /dev/null conftest.foo
configure:7271: $? = 0
configure:7273: result: yes
configure:7283: checking for gmsgfmt
configure:7314: result: /usr/bin/msgfmt
configure:7324: checking for xgettext
configure:7351: result: /usr/bin/xgettext
configure:7380: gcc -o conftest -g -O2   conftest.c   >&5
configure:7386: $? = 0
configure:7750: creating ./config.status

## ---------------------- ##
## Running config.status. ##
## ---------------------- ##

This file was extended by config.status, which was
generated by GNU Autoconf 2.61.  Invocation command line was

  CONFIG_FILES    = 
  CONFIG_HEADERS  = 
  CONFIG_LINKS    = 
  CONFIG_COMMANDS = 
  $ ./config.status 

on localhost.localdomain

config.status:675: creating Makefile
config.status:675: creating src/Makefile
config.status:675: creating po/Makefile.in
config.status:675: creating config.h
config.status:954: executing depfiles commands
config.status:954: executing default-1 commands

## ---------------- ##
## Cache variables. ##
## ---------------- ##

ac_cv_build=i686-pc-linux-gnu
ac_cv_c_compiler_gnu=yes
ac_cv_env_CC_set=
ac_cv_env_CC_value=
ac_cv_env_CFLAGS_set=
ac_cv_env_CFLAGS_value=
ac_cv_env_CPPFLAGS_set=
ac_cv_env_CPPFLAGS_value=
ac_cv_env_CPP_set=
ac_cv_env_CPP_value=
ac_cv_env_LDFLAGS_set=
ac_cv_env_LDFLAGS_value=
ac_cv_env_LIBS_set=
ac_cv_env_LIBS_value=
ac_cv_env_PACKAGE_CFLAGS_set=
ac_cv_env_PACKAGE_CFLAGS_value=
ac_cv_env_PACKAGE_LIBS_set=
ac_cv_env_PACKAGE_LIBS_value=
ac_cv_env_PKG_CONFIG_set=
ac_cv_env_PKG_CONFIG_value=
ac_cv_env_SQLITE3_CFLAGS_set=
ac_cv_env_SQLITE3_CFLAGS_value=
ac_cv_env_SQLITE3_LIBS_set=
ac_cv_env_SQLITE3_LIBS_value=
ac_cv_env_build_alias_set=
ac_cv_env_build_alias_value=
ac_cv_env_host_alias_set=
ac_cv_env_host_alias_value=
ac_cv_env_target_alias_set=
ac_cv_env_target_alias_value=
ac_cv_func_bind_textdomain_codeset=yes
ac_cv_func_dcgettext=yes
ac_cv_header_inttypes_h=yes
ac_cv_header_libintl_h=yes
ac_cv_header_locale_h=yes
ac_cv_header_memory_h=yes
ac_cv_header_stdc=yes
ac_cv_header_stdint_h=yes
ac_cv_header_stdlib_h=yes
ac_cv_header_string_h=yes
ac_cv_header_strings_h=yes
ac_cv_header_sys_stat_h=yes
ac_cv_header_sys_types_h=yes
ac_cv_header_unistd_h=yes
ac_cv_host=i686-pc-linux-gnu
ac_cv_objext=o
ac_cv_path_EGREP='/bin/grep -E'
ac_cv_path_GMSGFMT=/usr/bin/msgfmt
ac_cv_path_GREP=/bin/grep
ac_cv_path_MSGFMT=/usr/bin/msgfmt
ac_cv_path_XGETTEXT=/usr/bin/xgettext
ac_cv_path_ac_pt_PKG_CONFIG=/usr/bin/pkg-config
ac_cv_path_install='/usr/bin/install -c'
ac_cv_path_mkdir=/bin/mkdir
ac_cv_prog_AWK=gawk
ac_cv_prog_CPP='gcc -E'
ac_cv_prog_ac_ct_CC=gcc
ac_cv_prog_cc_c89=
ac_cv_prog_cc_g=yes
ac_cv_prog_make_make_set=yes
ac_cv_search_strerror='none required'
am_cv_CC_dependencies_compiler_type=gcc3
am_cv_prog_cc_stdc=
am_cv_val_LC_MESSAGES=yes
gt_cv_func_dgettext_libc=yes
gt_cv_func_dgettext_libintl=no
gt_cv_func_ngettext_libc=yes
gt_cv_have_gettext=yes
pkg_cv_PACKAGE_CFLAGS='-I/usr/include/gtk-2.0 -I/usr/lib/gtk-2.0/include -I/usr/include/atk-1.0 -I/usr/include/cairo -I/usr/include/pango-1.0 -I/usr/include/glib-2.0 -I/usr/lib/glib-2.0/include  '
pkg_cv_PACKAGE_LIBS='-lgtk-x11-2.0 -lgdk-x11-2.0 -latk-1.0 -lgdk_pixbuf-2.0 -lpng12 -lm -lpangocairo-1.0 -lpango-1.0 -lcairo -lgobject-2.0 -lgmodule-2.0 -ldl -lglib-2.0  '
pkg_cv_SQLITE3_CFLAGS=' '
pkg_cv_SQLITE3_LIBS='-lsqlite3  '

## ----------------- ##
## Output variables. ##
## ----------------- ##

ACLOCAL='${SHELL} /store3/ayub/devel/projects/zillur-vi/barcode/attendence/missing --run aclocal-1.10'
AMDEPBACKSLASH='\'
AMDEP_FALSE='#'
AMDEP_TRUE=''
AMTAR='${SHELL} /store3/ayub/devel/projects/zillur-vi/barcode/attendence/missing --run tar'
AUTOCONF='${SHELL} /store3/ayub/devel/projects/zillur-vi/barcode/attendence/missing --run autoconf'
AUTOHEADER='${SHELL} /store3/ayub/devel/projects/zillur-vi/barcode/attendence/missing --run autoheader'
AUTOMAKE='${SHELL} /store3/ayub/devel/projects/zillur-vi/barcode/attendence/missing --run automake-1.10'
AWK='gawk'
CATALOGS=''
CATOBJEXT='.gmo'
CC='gcc'
CCDEPMODE='depmode=gcc3'
CFLAGS='-g -O2'
CPP='gcc -E'
CPPFLAGS=''
CYGPATH_W='echo'
DATADIRNAME='share'
DEFS='-DHAVE_CONFIG_H'
DEPDIR='.deps'
ECHO_C=''
ECHO_N='-n'
ECHO_T=''
EGREP='/bin/grep -E'
EXEEXT=''
GETTEXT_PACKAGE='attendence'
GMOFILES=''
GMSGFMT='/usr/bin/msgfmt'
GREP='/bin/grep'
INSTALL_DATA='${INSTALL} -m 644'
INSTALL_PROGRAM='${INSTALL}'
INSTALL_SCRIPT='${INSTALL}'
INSTALL_STRIP_PROGRAM='$(install_sh) -c -s'
INSTOBJEXT='.mo'
INTLLIBS=''
LDFLAGS=''
LIBOBJS=''
LIBS=''
LTLIBOBJS=''
MAINT=''
MAINTAINER_MODE_FALSE='#'
MAINTAINER_MODE_TRUE=''
MAKEINFO='${SHELL} /store3/ayub/devel/projects/zillur-vi/barcode/attendence/missing --run makeinfo'
MKINSTALLDIRS='./mkinstalldirs'
MSGFMT='/usr/bin/msgfmt'
MSGFMT_OPTS='-c'
OBJEXT='o'
PACKAGE='attendence'
PACKAGE_BUGREPORT=''
PACKAGE_CFLAGS='-I/usr/include/gtk-2.0 -I/usr/lib/gtk-2.0/include -I/usr/include/atk-1.0 -I/usr/include/cairo -I/usr/include/pango-1.0 -I/usr/include/glib-2.0 -I/usr/lib/glib-2.0/include  '
PACKAGE_LIBS='-lgtk-x11-2.0 -lgdk-x11-2.0 -latk-1.0 -lgdk_pixbuf-2.0 -lpng12 -lm -lpangocairo-1.0 -lpango-1.0 -lcairo -lgobject-2.0 -lgmodule-2.0 -ldl -lglib-2.0  '
PACKAGE_NAME=''
PACKAGE_STRING=''
PACKAGE_TARNAME=''
PACKAGE_VERSION=''
PATH_SEPARATOR=':'
PKG_CONFIG='/usr/bin/pkg-config'
POFILES=''
POSUB='po'
PO_IN_DATADIR_FALSE=''
PO_IN_DATADIR_TRUE=''
SET_MAKE=''
SHELL='/bin/sh'
SQLITE3_CFLAGS=' '
SQLITE3_LIBS='-lsqlite3  '
STRIP=''
USE_NLS='yes'
VERSION='0.1'
XGETTEXT='/usr/bin/xgettext'
ac_ct_CC='gcc'
am__fastdepCC_FALSE='#'
am__fastdepCC_TRUE=''
am__include='include'
am__isrc=''
am__leading_dot='.'
am__quote=''
am__tar='${AMTAR} chof - "$$tardir"'
am__untar='${AMTAR} xf -'
bindir='${exec_prefix}/bin'
build='i686-pc-linux-gnu'
build_alias=''
build_cpu='i686'
build_os='linux-gnu'
build_vendor='pc'
datadir='${datarootdir}'
datarootdir='${prefix}/share'
docdir='${datarootdir}/doc/${PACKAGE}'
dvidir='${docdir}'
exec_prefix='${prefix}'
host='i686-pc-linux-gnu'
host_alias=''
host_cpu='i686'
host_os='linux-gnu'
host_vendor='pc'
htmldir='${docdir}'
includedir='${prefix}/include'
infodir='${datarootdir}/info'
install_sh='$(SHELL) /store3/ayub/devel/projects/zillur-vi/barcode/attendence/install-sh'
libdir='${exec_prefix}/lib'
libexecdir='${exec_prefix}/libexec'
localedir='${datarootdir}/locale'
localstatedir='${prefix}/var'
mandir='${datarootdir}/man'
mkdir_p='/bin/mkdir -p'
oldincludedir='/usr/include'
pdfdir='${docdir}'
prefix='/usr/local'
program_transform_name='s,x,x,'
psdir='${docdir}'
sbindir='${exec_prefix}/sbin'
sharedstatedir='${prefix}/com'
sysconfdir='${prefix}/etc'
target_alias=''

## ----------- ##
## confdefs.h. ##
## ----------- ##

#define PACKAGE_NAME ""
#define PACKAGE_TARNAME ""
#define PACKAGE_VERSION ""
#define PACKAGE_STRING ""
#define PACKAGE_BUGREPORT ""
#define PACKAGE "attendence"
#define VERSION "0.1"
#define STDC_HEADERS 1
#define GETTEXT_PACKAGE "attendence"
#define HAVE_SYS_TYPES_H 1
#define HAVE_SYS_STAT_H 1
#define HAVE_STDLIB_H 1
#define HAVE_STRING_H 1
#define HAVE_MEMORY_H 1
#define HAVE_STRINGS_H 1
#define HAVE_INTTYPES_H 1
#define HAVE_STDINT_H 1
#define HAVE_UNISTD_H 1
#define HAVE_LOCALE_H 1
#define HAVE_LC_MESSAGES 1
#define HAVE_BIND_TEXTDOMAIN_CODESET 1
#define HAVE_GETTEXT 1
#define HAVE_DCGETTEXT 1
#define ENABLE_NLS 1

configure: exit 0

## ---------------------- ##
## Running config.status. ##
## ---------------------- ##

This file was extended by config.status, which was
generated by GNU Autoconf 2.61.  Invocation command line was

  CONFIG_FILES    = 
  CONFIG_HEADERS  = 
  CONFIG_LINKS    = 
  CONFIG_COMMANDS = 
  $ ./config.status config.h

on localhost.localdomain

config.status:675: creating config.h
config.status:908: config.h is unchanged
