Contacting 10.0.0.30
Reading...
Read 1Kbytes
Read 1Kbytes
Read 1Kbytes
Read 1Kbytes
Read 1Kbytes
Read 1Kbytes
Read 1Kbytes
Read 1Kbytes
Read 1Kbytes
Read 1Kbytes
Read 1Kbytes
Contacting 10.0.0.30
Reading...
Done!
Contacting 10.0.0.30
Reading...
Read (1% of 80K)
Read (3% of 80K)
Read (4% of 80K)
Read (6% of 80K)
Read (8% of 80K)
Read (10% of 80K)
Read (11% of 80K)
Read (13% of 80K)
Read (14% of 80K)
Read (16% of 80K)
Read (18% of 80K)
Read (19% of 80K)
Read (21% of 80K)
Read (23% of 80K)
Read (24% of 80K)
Read (26% of 80K)
Read (28% of 80K)
Read (29% of 80K)
Read (31% of 80K)
Read (33% of 80K)
Read (35% of 80K)
Read (36% of 80K)
Read (38% of 80K)
Read (40% of 80K)
Read (42% of 80K)
Read (44% of 80K)
Read (45% of 80K)
Read (47% of 80K)
Read (49% of 80K)
Read (51% of 80K)
Read (52% of 80K)
Read (54% of 80K)
Read (56% of 80K)
Read (57% of 80K)
Read (59% of 80K)
Read (61% of 80K)
Read (63% of 80K)
Read (65% of 80K)
Read (66% of 80K)
Read (68% of 80K)
Read (70% of 80K)
Read (72% of 80K)
Read (73% of 80K)
Read (75% of 80K)
Read (77% of 80K)
Read (79% of 80K)
Read (80% of 80K)
Read (82% of 80K)
Read (84% of 80K)
Read (86% of 80K)
Read (88% of 80K)
Read (89% of 80K)
Read (91% of 80K)
Read (93% of 80K)
Read (94% of 80K)
Read (95% of 80K)
Read (97% of 80K)
Read (99% of 80K)
Done!
Contacting 10.0.0.30
Reading...
Read (11% of 9K)
Read (27% of 9K)
Read (42% of 9K)
Read (58% of 9K)
Read (73% of 9K)
Read (89% of 9K)
Done!
Contacting 10.0.0.30
Reading...
Read 1Kbytes
Read 1Kbytes
Read 1Kbytes
Read 1Kbytes
Read 1Kbytes
Read 1Kbytes
Read 1Kbytes
Read 1Kbytes
Read 1Kbytes
Contacting 10.0.0.30
Reading...
Read 1Kbytes
Read 1Kbytes
Read 1Kbytes
Read 1Kbytes
Read 1Kbytes
Read 1Kbytes
Read 1Kbytes
Read 1Kbytes
Read 1Kbytes
Read 1Kbytes
Contacting 10.0.0.30
Reading...
Read 1Kbytes
Read 1Kbytes
Read 1Kbytes
Read 1Kbytes
Read 1Kbytes
Read 1Kbytes
Read 1Kbytes
Read 1Kbytes
Read 1Kbytes
Read 1Kbytes
Read 1Kbytes
Contacting 10.0.0.30
Reading...
Read 1Kbytes
Read 1Kbytes
Read 1Kbytes
Read 1Kbytes
Read 1Kbytes
Read 1Kbytes
Read 1Kbytes
Read 1Kbytes
Read 1Kbytes
Read 1Kbytes
Read 1Kbytes
Contacting 10.0.0.30
Reading...
Read 1Kbytes
Read 1Kbytes
Read 1Kbytes
Read 1Kbytes
Read 1Kbytes
Read 1Kbytes
Read 1Kbytes
Read 1Kbytes
Read 1Kbytes
Read 1Kbytes
Contacting 10.0.0.30
Reading...
Read 1Kbytes
Read 1Kbytes
Read 1Kbytes
Read 1Kbytes
Read 1Kbytes
Read 1Kbytes
Read 1Kbytes
Read 1Kbytes
Read 1Kbytes
Read 1Kbytes
Read 1Kbytes
Contacting 10.0.0.30
Reading...
Read 1Kbytes
Read 1Kbytes
Read 1Kbytes
Read 1Kbytes
Read 1Kbytes
Read 1Kbytes
Read 1Kbytes
Read 1Kbytes
Read 1Kbytes
Contacting 10.0.0.30
Reading...
Read 1Kbytes
Read 1Kbytes
Read 1Kbytes
Read 1Kbytes
Read 1Kbytes
Read 1Kbytes
Read 1Kbytes
Read 1Kbytes
Read 1Kbytes
Read 1Kbytes
Read 1Kbytes
Read 1Kbytes
Read 1Kbytes
Read 1Kbytes
Read 1Kbytes
Read 1Kbytes
Contacting 10.0.0.30
Reading...
Read 1Kbytes
Read 1Kbytes
Read 1Kbytes
Read 1Kbytes
Read 1Kbytes
Read 1Kbytes
Read 1Kbytes
Read 1Kbytes
Contacting 10.0.0.30
Reading...
Read (4% of 21K)
Read (11% of 21K)
Read (18% of 21K)
Read (25% of 21K)
Read (31% of 21K)
Read (38% of 21K)
Read (45% of 21K)
Read (51% of 21K)
Read (54% of 21K)
Read (61% of 21K)
Read (68% of 21K)
Read (73% of 21K)
Read (80% of 21K)
Read (87% of 21K)
Read (92% of 21K)
Read (99% of 21K)
Done!
Contacting 10.0.0.30
Reading...
Read 1Kbytes
Read 1Kbytes
Read 1Kbytes
Read 1Kbytes
Read 1Kbytes
Read 1Kbytes
Read 1Kbytes
Read 1Kbytes
Read 1Kbytes
Read 1Kbytes
Read 1Kbytes
Contacting 10.0.0.30
Reading...
Read 1Kbytes
Read 1Kbytes
Read 1Kbytes
Read 1Kbytes
Read 1Kbytes
Read 1Kbytes
Read 1Kbytes
Read 1Kbytes
Read 1Kbytes
Contacting 10.0.0.30
Reading...
Read 1Kbytes
Read 1Kbytes
Read 1Kbytes
Read 1Kbytes
Read 1Kbytes
Read 1Kbytes
Read 1Kbytes
Read 1Kbytes
Read 1Kbytes
Read 1Kbytes
Read 1Kbytes
Read 1Kbytes
Read 1Kbytes
Read 1Kbytes
Read 1Kbytes
Read 1Kbytes
Contacting 10.0.0.30
Reading...
Read 1Kbytes
Read 1Kbytes
Read 1Kbytes
Read 1Kbytes
Read 1Kbytes
Read 1Kbytes
Read 1Kbytes
Read 1Kbytes
Read 1Kbytes
Contacting 10.0.0.30
Reading...
Read 1Kbytes
Read 1Kbytes
Read 1Kbytes
Read 1Kbytes
Read 1Kbytes
Read 1Kbytes
Read 1Kbytes
Read 1Kbytes
Read 1Kbytes
Contacting 10.0.0.30
Reading...
Read 1Kbytes
Read 1Kbytes
Read 1Kbytes
Read 1Kbytes
Read 1Kbytes
Read 1Kbytes
Read 1Kbytes
Read 1Kbytes
Read 1Kbytes
Read 1Kbytes
Read 1Kbytes
Read 1Kbytes
Read 1Kbytes
